<?xml version="1.0" encoding="UTF-8"?>
<!-- Generated by org.testng.reporters.JUnitReportReporter -->
<testsuite hostname="LAPTOP-35FFDTRM" failures="0" tests="2" name="com.testng.SkillaryLoginPage" time="0.339" errors="0" timestamp="24 Aug 2023 05:31:25 GMT" skipped="0">
  <testcase classname="com.testng.SkillaryLoginPage" name="firstTest" time="0.337"/>
  <testcase classname="com.testng.SkillaryLoginPage" name="secondTest" time="0.002"/>
</testsuite> <!-- com.testng.SkillaryLoginPage -->
