<?xml version="1.0" encoding="UTF-8"?>
<!-- Generated by org.testng.reporters.JUnitReportReporter -->
<testsuite hostname="LAPTOP-35FFDTRM" failures="0" tests="2" name="com.testng.LoginPage" time="0.003" errors="0" timestamp="24 Aug 2023 04:10:19 GMT" skipped="0">
  <testcase classname="com.testng.LoginPage" name="loginTest" time="0.003"/>
  <testcase classname="com.testng.LoginPage" name="logOut" time="0.000"/>
</testsuite> <!-- com.testng.LoginPage -->
