<?xml version="1.0" encoding="UTF-8"?>
<!-- Generated by org.testng.reporters.JUnitReportReporter -->
<testsuite hostname="LAPTOP-35FFDTRM" failures="0" tests="2" name="com.testng.TestNgMethods" time="0.004" errors="0" timestamp="24 Aug 2023 07:09:02 GMT" skipped="0">
  <testcase classname="com.testng.TestNgMethods" name="test2" time="0.001"/>
  <testcase classname="com.testng.TestNgMethods" name="test1" time="0.003"/>
</testsuite> <!-- com.testng.TestNgMethods -->
