<?xml version="1.0" encoding="UTF-8"?>
<!-- Generated by org.testng.reporters.JUnitReportReporter -->
<testsuite hostname="LAPTOP-35FFDTRM" failures="0" tests="1" name="com.testng.VerifyTitleTest" time="5.589" errors="0" timestamp="24 Aug 2023 07:33:54 GMT" skipped="0">
  <testcase classname="com.testng.VerifyTitleTest" name="verifyTitle" time="5.589"/>
</testsuite> <!-- com.testng.VerifyTitleTest -->
